<?xml version="1.0" encoding="UTF-8"?>
<!-- Generated by org.testng.reporters.JUnitReportReporter -->
<testsuite hostname="Shamol-PC" name="com.geico.com.QuotaTest" tests="1" failures="0" timestamp="2 Feb 2018 06:26:31 GMT" time="0.454" errors="0">
  <testcase name="dataReader" time="0.454" classname="com.geico.com.QuotaTest"/>
</testsuite> <!-- com.geico.com.QuotaTest -->
